2022-10-25 22:35:40,292 — b':tmi.twitch.tv 001 mrbelms :Welcome, GLHF!\r\n:tmi.twitch.tv 002 mrbelms :Your host is tmi.twitch.tv\r\n:tmi.twitch.tv 003 mrbelms :This server is rather new\r\n:tmi.twitch.tv 004 mrbelms :-\r\n:tmi.twitch.tv 375 mrbelms :-\r\n:tmi.twitch.tv 372 mrbelms :You are in a maze of twisty passages, all alike.\r\n:tmi.twitch.tv 376 mrbelms :>\r\n'
2022-10-25 22:35:40,377 — b':mrbelms!mrbelms@mrbelms.tmi.twitch.tv JOIN #amouranth\r\n:mrbelms.tmi.twitch.tv 353 mrbelms = #amouranth :mrbelms\r\n:mrbelms.tmi.twitch.tv 366 mrbelms #amouranth :End of /NAMES list\r\n'
2022-10-25 22:35:40,837 — b':mikeprodinsky!mikeprodinsky@mikeprodinsky.tmi.twitch.tv PRIVMSG #amouranth :enchan47MickeyDance bizarr22Wiggle katkaiRave katkaiHype1 sports12KnockerJam little589TeddyDance\r\n'
2022-10-25 22:35:43,616 — b':semipalatinsk2!semipalatinsk2@semipalatinsk2.tmi.twitch.tv PRIVMSG #amouranth :GIVE A MUCH MONEY IM VERY POOR\r\n'
2022-10-25 22:35:47,725 — b':emfor35!emfor35@emfor35.tmi.twitch.tv PRIVMSG #amouranth :woah\r\n'
2022-10-25 22:35:48,042 — b':meep23x!meep23x@meep23x.tmi.twitch.tv PRIVMSG #amouranth :@Puppetj1 The pumpkin carved you!\r\n'
2022-10-25 22:37:28,286 — b':tmi.twitch.tv 001 mrbelms :Welcome, GLHF!\r\n:tmi.twitch.tv 002 mrbelms :Your host is tmi.twitch.tv\r\n:tmi.twitch.tv 003 mrbelms :This server is rather new\r\n:tmi.twitch.tv 004 mrbelms :-\r\n:tmi.twitch.tv 375 mrbelms :-\r\n:tmi.twitch.tv 372 mrbelms :You are in a maze of twisty passages, all alike.\r\n:tmi.twitch.tv 376 mrbelms :>\r\n'
2022-10-25 22:37:28,360 — b':mrbelms!mrbelms@mrbelms.tmi.twitch.tv JOIN #amouranth\r\n:mrbelms.tmi.twitch.tv 353 mrbelms = #amouranth :mrbelms\r\n:mrbelms.tmi.twitch.tv 366 mrbelms #amouranth :End of /NAMES list\r\n'
2022-10-25 22:37:28,530 — b':ajlancjc!ajlancjc@ajlancjc.tmi.twitch.tv PRIVMSG #amouranth :MEOW!!!\r\n'
2022-10-25 22:37:28,905 — b':acm4dino!acm4dino@acm4dino.tmi.twitch.tv PRIVMSG #amouranth :MEOW\r\n'
2022-10-25 22:37:31,976 — b':kingtrip100!kingtrip100@kingtrip100.tmi.twitch.tv PRIVMSG #amouranth :Just get high wit me\r\n'
2022-10-25 22:37:32,578 — b':thisthatnew!thisthatnew@thisthatnew.tmi.twitch.tv PRIVMSG #amouranth :YOU GOT THIS\r\n'
2022-10-25 22:37:32,789 — b':rebelphoenix765!rebelphoenix765@rebelphoenix765.tmi.twitch.tv PRIVMSG #amouranth :HypeLove1 HypeLove1\r\n'
2022-10-25 22:37:34,072 — b':sinuil_!sinuil_@sinuil_.tmi.twitch.tv PRIVMSG #amouranth :Amou online! yippie! \xf0\x9f\xa4\x97\r\n'
2022-10-25 22:37:34,639 — b":gordo8868!gordo8868@gordo8868.tmi.twitch.tv PRIVMSG #amouranth :And if you put vasoline on the open cuts in the pumpkin they won't rot as fast..\r\n"
2022-10-25 22:37:36,388 — b':cripkie!cripkie@cripkie.tmi.twitch.tv PRIVMSG #amouranth :the eyes need the bridge of a nose\r\n'
2022-10-25 22:37:37,484 — b':1pumpkinkiing!1pumpkinkiing@1pumpkinkiing.tmi.twitch.tv PRIVMSG #amouranth :i saw what you did to its guts!\r\n'
2022-10-25 22:38:20,064 — b':tmi.twitch.tv 001 mrbelms :Welcome, GLHF!\r\n:tmi.twitch.tv 002 mrbelms :Your host is tmi.twitch.tv\r\n:tmi.twitch.tv 003 mrbelms :This server is rather new\r\n:tmi.twitch.tv 004 mrbelms :-\r\n:tmi.twitch.tv 375 mrbelms :-\r\n:tmi.twitch.tv 372 mrbelms :You are in a maze of twisty passages, all alike.\r\n:tmi.twitch.tv 376 mrbelms :>\r\n'
2022-10-25 22:38:20,137 — b':mrbelms!mrbelms@mrbelms.tmi.twitch.tv JOIN #amouranth\r\n:mrbelms.tmi.twitch.tv 353 mrbelms = #amouranth :mrbelms\r\n:mrbelms.tmi.twitch.tv 366 mrbelms #amouranth :End of /NAMES list\r\n'
2022-10-25 22:38:20,214 — b':meep23x!meep23x@meep23x.tmi.twitch.tv PRIVMSG #amouranth :IDEA: Would light brite pieces shine though and make a color point?\r\n'
2022-10-25 22:38:23,609 — b':acm4dino!acm4dino@acm4dino.tmi.twitch.tv PRIVMSG #amouranth :HYPERS ART\r\n'
2022-10-25 22:38:24,229 — b':fireeris!fireeris@fireeris.tmi.twitch.tv PRIVMSG #amouranth :\xf0\x9f\x8e\x83\xf0\x9f\x8e\x83\xf0\x9f\x8e\x83\xf0\x9f\x8e\x83\r\n'
2022-10-25 22:38:25,392 — b':thisthatnew!thisthatnew@thisthatnew.tmi.twitch.tv PRIVMSG #amouranth :ALRIGHT START AT THE CORNER OF MOUTH WORK AROUND YOU GOT THIS\r\n'
2022-10-25 22:38:25,894 — b':spawn_mh73!spawn_mh73@spawn_mh73.tmi.twitch.tv PRIVMSG #amouranth :ammoHey @sunshineclub\r\n'
2022-10-25 22:38:26,044 — b':ajlancjc!ajlancjc@ajlancjc.tmi.twitch.tv PRIVMSG #amouranth :MEOW!!!\r\n'
2022-10-25 22:38:26,711 — b':littleantxo!littleantxo@littleantxo.tmi.twitch.tv PRIVMSG #amouranth :catlikeShy\r\n'
2022-10-25 22:38:28,754 — b':ebayrabbit!ebayrabbit@ebayrabbit.tmi.twitch.tv PRIVMSG #amouranth :love you amo!!!! FROM AUSTRALIA, NO 1 FEMALE FAN RIGHT HERE!!\r\n'
2022-10-25 22:38:30,178 — b':sunshineclub!sunshineclub@sunshineclub.tmi.twitch.tv PRIVMSG #amouranth :KITTY MEOW MEOW\r\n'
2022-10-25 22:39:04,048 — b':tmi.twitch.tv 001 mrbelms :Welcome, GLHF!\r\n:tmi.twitch.tv 002 mrbelms :Your host is tmi.twitch.tv\r\n:tmi.twitch.tv 003 mrbelms :This server is rather new\r\n:tmi.twitch.tv 004 mrbelms :-\r\n:tmi.twitch.tv 375 mrbelms :-\r\n:tmi.twitch.tv 372 mrbelms :You are in a maze of twisty passages, all alike.\r\n:tmi.twitch.tv 376 mrbelms :>\r\n:mrbelms!mrbelms@mrbelms.tmi.twitch.tv JOIN #amouranth\r\n:mrbelms.tmi.twitch.tv 353 mrbelms = #amouranth :mrbelms\r\n:mrbelms.tmi.twitch.tv 366 mrbelms #amouranth :End of /NAMES list\r\n'
2022-10-25 22:39:11,870 — b':tmi.twitch.tv NOTICE * :Login unsuccessful\r\n'
