2022-11-05 12:30:04,125 — b':tmi.twitch.tv 001 mrbelms :Welcome, GLHF!\r\n:tmi.twitch.tv 002 mrbelms :Your host is tmi.twitch.tv\r\n:tmi.twitch.tv 003 mrbelms :This server is rather new\r\n:tmi.twitch.tv 004 mrbelms :-\r\n:tmi.twitch.tv 375 mrbelms :-\r\n:tmi.twitch.tv 372 mrbelms :You are in a maze of twisty passages, all alike.\r\n:tmi.twitch.tv 376 mrbelms :>\r\n'
2022-11-05 12:30:04,206 — b':mrbelms!mrbelms@mrbelms.tmi.twitch.tv JOIN #loltyler1\r\n:mrbelms.tmi.twitch.tv 353 mrbelms = #loltyler1 :mrbelms\r\n:mrbelms.tmi.twitch.tv 366 mrbelms #loltyler1 :End of /NAMES list\r\n'
2022-11-05 12:30:04,302 — b':leagueenj0yer!leagueenj0yer@leagueenj0yer.tmi.twitch.tv PRIVMSG #loltyler1 :KEKL\r\n'
2022-11-05 12:30:04,409 — b':cunkdunt!cunkdunt@cunkdunt.tmi.twitch.tv PRIVMSG #loltyler1 :KEKW\r\n'
2022-11-05 12:30:04,485 — b':reemeowmeow!reemeowmeow@reemeowmeow.tmi.twitch.tv PRIVMSG #loltyler1 :OMEGALUL\r\n'
2022-11-05 12:30:04,563 — b':krugergg!krugergg@krugergg.tmi.twitch.tv PRIVMSG #loltyler1 :KEKW\r\n'
2022-11-05 12:30:04,640 — b':hommyag!hommyag@hommyag.tmi.twitch.tv PRIVMSG #loltyler1 :KEKL\r\n'
2022-11-05 12:30:04,718 — b':yoitjo!yoitjo@yoitjo.tmi.twitch.tv PRIVMSG #loltyler1 :OMEGALUL\r\n:eugeneprunk!eugeneprunk@eugeneprunk.tmi.twitch.tv PRIVMSG #loltyler1 :LULW\r\n:leaguestreamerx!leaguestreamerx@leaguestreamerx.tmi.twitch.tv PRIVMSG #loltyler1 :KEKL TRUE\r\n:officialsiloz!officialsiloz@officialsiloz.tmi.twitch.tv PRIVMSG #loltyler1 :BASED\r\n'
2022-11-05 12:30:04,795 — b':itserick!itserick@itserick.tmi.twitch.tv PRIVMSG #loltyler1 :TRUE\r\n:nakano_it5uki!nakano_it5uki@nakano_it5uki.tmi.twitch.tv PRIVMSG #loltyler1 :xqcCheer\r\n'
2022-11-05 12:30:04,900 — b':tismo34!tismo34@tismo34.tmi.twitch.tv PRIVMSG #loltyler1 :KEKW\r\n'
2022-11-05 12:30:04,982 — b':persoer!persoer@persoer.tmi.twitch.tv PRIVMSG #loltyler1 :KEKW\r\n'
2022-11-05 12:30:05,059 — b':only_watch_t1!only_watch_t1@only_watch_t1.tmi.twitch.tv PRIVMSG #loltyler1 :TRUE KEKW\r\n'
2022-11-05 12:30:05,146 — b':the_r1val!the_r1val@the_r1val.tmi.twitch.tv PRIVMSG #loltyler1 :KEKL\r\n'
2022-11-05 12:30:05,283 — b':caam49!caam49@caam49.tmi.twitch.tv PRIVMSG #loltyler1 :LOL\r\n'
2022-11-05 12:30:05,353 — b':sacchikoh!sacchikoh@sacchikoh.tmi.twitch.tv PRIVMSG #loltyler1 :KEKL YOU SHOULD\r\n'
2022-11-05 12:30:05,430 — b':ahmed__mustafa!ahmed__mustafa@ahmed__mustafa.tmi.twitch.tv PRIVMSG #loltyler1 :TRUE KEKW\r\n:1v9sexhavergigachadsmurf!1v9sexhavergigachadsmurf@1v9sexhavergigachadsmurf.tmi.twitch.tv PRIVMSG #loltyler1 :KEKW\r\n:xenuxable!xenuxable@xenuxable.tmi.twitch.tv PRIVMSG #loltyler1 :OMEGALUL\r\n'
2022-11-05 12:30:05,508 — b':rip_jinxd!rip_jinxd@rip_jinxd.tmi.twitch.tv PRIVMSG #loltyler1 :TRUEEEEEEEEEEE\r\n'
2022-11-05 12:30:05,585 — b':tylerkto!tylerkto@tylerkto.tmi.twitch.tv PRIVMSG #loltyler1 :Meet and greet PepeLaugh\r\n'
2022-11-05 12:30:05,663 — b':shifter_iv!shifter_iv@shifter_iv.tmi.twitch.tv PRIVMSG #loltyler1 :KEKW\r\n:fuzashiii!fuzashiii@fuzashiii.tmi.twitch.tv PRIVMSG #loltyler1 :KEKW\r\n:airsxo!airsxo@airsxo.tmi.twitch.tv PRIVMSG #loltyler1 :kekw\r\n'
2022-11-05 12:30:05,901 — b':erobb2!erobb2@erobb2.tmi.twitch.tv PRIVMSG #loltyler1 :kek\r\n'
2022-11-05 12:30:05,973 — b':wuju_highland3r!wuju_highland3r@wuju_highland3r.tmi.twitch.tv PRIVMSG #loltyler1 :KEKW\r\n'
2022-11-05 12:30:06,319 — b':mexcutioner48!mexcutioner48@mexcutioner48.tmi.twitch.tv PRIVMSG #loltyler1 :KEKW\r\n'
2022-11-05 12:30:06,461 — b':symphony_of_heaven!symphony_of_heaven@symphony_of_heaven.tmi.twitch.tv PRIVMSG #loltyler1 :KEKW \xf3\xa0\x80\x80\r\n'
2022-11-05 12:30:06,531 — b':bok_choi8!bok_choi8@bok_choi8.tmi.twitch.tv PRIVMSG #loltyler1 :KEKW\r\n:ericzxl!ericzxl@ericzxl.tmi.twitch.tv PRIVMSG #loltyler1 :AINTNOWAY\r\n:reformedus3r!reformedus3r@reformedus3r.tmi.twitch.tv PRIVMSG #loltyler1 :OMEGALUL\r\n:haruiswaifu!haruiswaifu@haruiswaifu.tmi.twitch.tv PRIVMSG #loltyler1 :KEKW \xf3\xa0\x80\x80\r\n'
2022-11-05 12:30:06,608 — b':khronnan!khronnan@khronnan.tmi.twitch.tv PRIVMSG #loltyler1 :Thing\r\n'
2022-11-05 12:30:06,686 — b':ozone379!ozone379@ozone379.tmi.twitch.tv PRIVMSG #loltyler1 :NAAAHHHHHH AINTNOWAY\r\n'
2022-11-05 12:30:06,788 — b':happy_forest!happy_forest@happy_forest.tmi.twitch.tv PRIVMSG #loltyler1 :whos that\r\n'
2022-11-05 12:30:06,872 — b':kaitojnz!kaitojnz@kaitojnz.tmi.twitch.tv PRIVMSG #loltyler1 :LMAOO\r\n'
2022-11-05 12:30:06,957 — b':urusinama!urusinama@urusinama.tmi.twitch.tv PRIVMSG #loltyler1 :BigBrother BigBrother BigBrother BigBrother BigBrother\r\n'
2022-11-05 12:30:07,027 — b':novulux!novulux@novulux.tmi.twitch.tv PRIVMSG #loltyler1 :It\xe2\x80\x99s true\r\n'
2022-11-05 12:30:07,635 — b':alphahugepantheonmain!alphahugepantheonmain@alphahugepantheonmain.tmi.twitch.tv PRIVMSG #loltyler1 :BIG DADLER1 Pog BIG DADLER1 Pog BIG DADLER1 Pog BIG DADLER1 Pog BIG DADLER1 Pog BIG DADLER1 Pog BIG DADLER1 Pog BIG DADLER1 Pog BIG DADLER1 Pog BIG DADLER1 Pog\r\n'
2022-11-05 12:30:07,985 — b':machiek!machiek@machiek.tmi.twitch.tv PRIVMSG #loltyler1 :KEKW\r\n'
2022-11-05 12:30:08,065 — b':federal_sandwich!federal_sandwich@federal_sandwich.tmi.twitch.tv PRIVMSG #loltyler1 :OMEGALUL\r\n'
2022-11-05 12:30:08,161 — b":motw261!motw261@motw261.tmi.twitch.tv PRIVMSG #loltyler1 :you have a lot to say don't ya\r\n"
2022-11-05 12:30:08,595 — b':omnispace!omnispace@omnispace.tmi.twitch.tv PRIVMSG #loltyler1 :KEKW BASED\r\n'
2022-11-05 12:30:08,853 — b":shamallaii!shamallaii@shamallaii.tmi.twitch.tv PRIVMSG #loltyler1 :kek Tyler1's Genji\r\n"
2022-11-05 12:30:08,933 — b':thrusm!thrusm@thrusm.tmi.twitch.tv PRIVMSG #loltyler1 :KEKW\r\n'
2022-11-05 12:30:09,015 — b':tinybiade!tinybiade@tinybiade.tmi.twitch.tv PRIVMSG #loltyler1 :Lol\r\n'
2022-11-05 12:30:09,088 — b':sanexp!sanexp@sanexp.tmi.twitch.tv PRIVMSG #loltyler1 :LULW\r\n'
2022-11-05 12:30:09,165 — b':zstin!zstin@zstin.tmi.twitch.tv PRIVMSG #loltyler1 :KEKW\r\n:astronot_69!astronot_69@astronot_69.tmi.twitch.tv PRIVMSG #loltyler1 :your bodyguard looks weak as fuck KEKW\r\n'
2022-11-05 12:30:09,242 — b':heardthegoodnews!heardthegoodnews@heardthegoodnews.tmi.twitch.tv PRIVMSG #loltyler1 :KEKW\r\n'
2022-11-05 12:30:09,320 — b':coo_of_antifa!coo_of_antifa@coo_of_antifa.tmi.twitch.tv PRIVMSG #loltyler1 :4Weird STOP PLAYING GENJI\r\n:dr34m_shake!dr34m_shake@dr34m_shake.tmi.twitch.tv PRIVMSG #loltyler1 :GIGACHAD\r\n'
2022-11-05 12:30:09,397 — b':dacianblood_!dacianblood_@dacianblood_.tmi.twitch.tv PRIVMSG #loltyler1 :@Wuju_Highland3r That explains it peepoShy\r\n'
2022-11-05 12:30:09,475 — b':hamslamer!hamslamer@hamslamer.tmi.twitch.tv PRIVMSG #loltyler1 :LMAO\r\n'
2022-11-05 12:30:09,600 — b':symphony_of_heaven!symphony_of_heaven@symphony_of_heaven.tmi.twitch.tv PRIVMSG #loltyler1 :GENJI KEKW\r\n'
2022-11-05 12:30:09,676 — b':federal_sandwich!federal_sandwich@federal_sandwich.tmi.twitch.tv PRIVMSG #loltyler1 :OMEGALUL OMEGALUL OMEGALUL\r\n'
2022-11-05 12:30:09,754 — b':razfgc!razfgc@razfgc.tmi.twitch.tv PRIVMSG #loltyler1 :LULW\r\n'
2022-11-05 12:30:10,075 — b':fluff_addict!fluff_addict@fluff_addict.tmi.twitch.tv PRIVMSG #loltyler1 :GIGACHAD\r\n'
2022-11-05 12:30:10,174 — b':mimio___!mimio___@mimio___.tmi.twitch.tv PRIVMSG #loltyler1 :GIGACHAD GIGACHAD GIGACHAD\r\n'
2022-11-05 12:30:10,748 — b':i_heckin_love_t1!i_heckin_love_t1@i_heckin_love_t1.tmi.twitch.tv PRIVMSG #loltyler1 :HAHAHAHAHAKEK\r\n'
2022-11-05 12:30:10,825 — b':ozzy2255!ozzy2255@ozzy2255.tmi.twitch.tv PRIVMSG #loltyler1 :MEET AND GRE.  EEEK\r\n'
2022-11-05 12:30:10,900 — b':yamahaimpreza!yamahaimpreza@yamahaimpreza.tmi.twitch.tv PRIVMSG #loltyler1 :KEKW\r\n:coca_cola_please!coca_cola_please@coca_cola_please.tmi.twitch.tv PRIVMSG #loltyler1 :LUL LUL\r\n'
2022-11-05 12:30:10,978 — b':federal_sandwich!federal_sandwich@federal_sandwich.tmi.twitch.tv PRIVMSG #loltyler1 :OMEGALUL OMEGALUL\r\n'
2022-11-05 12:30:11,055 — b':mushroxas!mushroxas@mushroxas.tmi.twitch.tv PRIVMSG #loltyler1 :XDDDD\r\n:pluckaiy!pluckaiy@pluckaiy.tmi.twitch.tv PRIVMSG #loltyler1 :@loltyler1 so rich hes at worlds\r\n'
2022-11-05 12:30:21,110 — b':tmi.twitch.tv 001 mrbelms :Welcome, GLHF!\r\n:tmi.twitch.tv 002 mrbelms :Your host is tmi.twitch.tv\r\n:tmi.twitch.tv 003 mrbelms :This server is rather new\r\n:tmi.twitch.tv 004 mrbelms :-\r\n:tmi.twitch.tv 375 mrbelms :-\r\n:tmi.twitch.tv 372 mrbelms :You are in a maze of twisty passages, all alike.\r\n:tmi.twitch.tv 376 mrbelms :>\r\n'
2022-11-05 12:30:21,181 — b':mrbelms!mrbelms@mrbelms.tmi.twitch.tv JOIN #loltyler1\r\n:mrbelms.tmi.twitch.tv 353 mrbelms = #loltyler1 :mrbelms\r\n:mrbelms.tmi.twitch.tv 366 mrbelms #loltyler1 :End of /NAMES list\r\n'
2022-11-05 12:30:21,296 — b':23vulture!23vulture@23vulture.tmi.twitch.tv PRIVMSG #loltyler1 :was\r\n'
2022-11-05 12:30:21,368 — b':ericzxl!ericzxl@ericzxl.tmi.twitch.tv PRIVMSG #loltyler1 :Copeler1 Clap\r\n'
2022-11-05 12:30:21,445 — b':bigchumpjavi!bigchumpjavi@bigchumpjavi.tmi.twitch.tv PRIVMSG #loltyler1 :kek\r\n'
2022-11-05 12:30:22,030 — b':flyinghuskyy!flyinghuskyy@flyinghuskyy.tmi.twitch.tv PRIVMSG #loltyler1 :Copeler1\r\n'
2022-11-05 12:30:22,193 — b':symphony_of_heaven!symphony_of_heaven@symphony_of_heaven.tmi.twitch.tv PRIVMSG #loltyler1 :Copeler1\r\n'
2022-11-05 12:30:22,264 — b':klng_pepega!klng_pepega@klng_pepega.tmi.twitch.tv PRIVMSG #loltyler1 :BASED SNIPERS GIGACHAD BASED SNIPERS GIGACHAD BASED SNIPERS GIGACHA\r\n'
2022-11-05 12:30:22,341 — b':coo_of_antifa!coo_of_antifa@coo_of_antifa.tmi.twitch.tv PRIVMSG #loltyler1 :Copeler1 \xe2\x9a\xa0\xef\xb8\x8f\r\n:cowbats1!cowbats1@cowbats1.tmi.twitch.tv PRIVMSG #loltyler1 :But genji is your best champion Pog\r\n'
2022-11-05 12:30:22,443 — b':tylerkto!tylerkto@tylerkto.tmi.twitch.tv PRIVMSG #loltyler1 :EXPOSED\r\n'
2022-11-05 12:30:22,689 — b':kaitojnz!kaitojnz@kaitojnz.tmi.twitch.tv PRIVMSG #loltyler1 :WAS\r\n'
2022-11-05 12:30:22,760 — b':quickactionjack!quickactionjack@quickactionjack.tmi.twitch.tv PRIVMSG #loltyler1 :huge chad\r\n:sacchikoh!sacchikoh@sacchikoh.tmi.twitch.tv PRIVMSG #loltyler1 :Copeler1\r\n'
2022-11-05 12:30:23,127 — b':noname1ect!noname1ect@noname1ect.tmi.twitch.tv PRIVMSG #loltyler1 :LMAOOOO\r\n'
2022-11-05 12:30:23,206 — b':corramel!corramel@corramel.tmi.twitch.tv PRIVMSG #loltyler1 :emphasis on WAS\r\n'
2022-11-05 12:30:23,520 — b':giyuu718!giyuu718@giyuu718.tmi.twitch.tv PRIVMSG #loltyler1 :Kappa\r\n'
2022-11-05 12:30:23,593 — b':ericzxl!ericzxl@ericzxl.tmi.twitch.tv PRIVMSG #loltyler1 :Copeler1\r\n'
2022-11-05 12:30:23,755 — b':ahmed__mustafa!ahmed__mustafa@ahmed__mustafa.tmi.twitch.tv PRIVMSG #loltyler1 :Copeler1\r\n'
2022-11-05 12:30:23,838 — b':adventofchaos!adventofchaos@adventofchaos.tmi.twitch.tv PRIVMSG #loltyler1 :YOOO HE IS ON ON A SATURADY\r\n'
2022-11-05 12:30:24,196 — b':rajji!rajji@rajji.tmi.twitch.tv PRIVMSG #loltyler1 :LuL\r\n'
2022-11-05 12:30:24,381 — b':tomatotoez!tomatotoez@tomatotoez.tmi.twitch.tv PRIVMSG #loltyler1 :look at that head\r\n'
2022-11-05 12:30:24,524 — b':dr34m_shake!dr34m_shake@dr34m_shake.tmi.twitch.tv PRIVMSG #loltyler1 :Copeler1 diamond genji 5 years ago\r\n'
2022-11-05 12:30:24,599 — b':knight_owo!knight_owo@knight_owo.tmi.twitch.tv PRIVMSG #loltyler1 :Copeler1\r\n'
2022-11-05 12:30:24,748 — b':2seoks!2seoks@2seoks.tmi.twitch.tv PRIVMSG #loltyler1 :NO\r\n'
2022-11-05 12:30:24,832 — b':haruiswaifu!haruiswaifu@haruiswaifu.tmi.twitch.tv PRIVMSG #loltyler1 :Copeler1\r\n'
2022-11-05 12:30:24,909 — b':lllasttt!lllasttt@lllasttt.tmi.twitch.tv PRIVMSG #loltyler1 :Copeler1\r\n'
2022-11-05 12:30:25,150 — b':yedivox!yedivox@yedivox.tmi.twitch.tv PRIVMSG #loltyler1 :PlleaSe\r\n'
2022-11-05 12:30:25,247 — b':crimsonasanth!crimsonasanth@crimsonasanth.tmi.twitch.tv PRIVMSG #loltyler1 :nut head\r\n'
2022-11-05 12:30:25,326 — b':nitroman2017!nitroman2017@nitroman2017.tmi.twitch.tv PRIVMSG #loltyler1 :Copeler1\r\n:shishume!shishume@shishume.tmi.twitch.tv PRIVMSG #loltyler1 :SoonerLater\r\n'
2022-11-05 12:30:25,480 — b':baldmonster69!baldmonster69@baldmonster69.tmi.twitch.tv PRIVMSG #loltyler1 :BRO WHAT IS THAT GUY STARING AT LOL GTFO\r\n'
2022-11-05 12:30:25,559 — b':asapbkirb!asapbkirb@asapbkirb.tmi.twitch.tv PRIVMSG #loltyler1 :Head KEKW\r\n'
2022-11-05 12:30:25,637 — b':quokka193!quokka193@quokka193.tmi.twitch.tv PRIVMSG #loltyler1 :Copeler1\r\n'
2022-11-05 12:30:25,715 — b':aspirineasdas!aspirineasdas@aspirineasdas.tmi.twitch.tv PRIVMSG #loltyler1 :Copeler1\r\n'
2022-11-05 12:30:25,795 — b':justjw!justjw@justjw.tmi.twitch.tv PRIVMSG #loltyler1 :Holy fuck an irl stream Pog\r\n'
2022-11-05 12:30:26,057 — b':highwally!highwally@highwally.tmi.twitch.tv PRIVMSG #loltyler1 :GENSIN kekw\r\n'
2022-11-05 12:30:26,186 — b':sovietfunky!sovietfunky@sovietfunky.tmi.twitch.tv PRIVMSG #loltyler1 :HOLY Copeler1\r\n'
2022-11-05 12:30:26,404 — b':militantechoripanero!militantechoripanero@militantechoripanero.tmi.twitch.tv PRIVMSG #loltyler1 :kek no bs\r\n'
2022-11-05 12:30:26,923 — b':pacoman!pacoman@pacoman.tmi.twitch.tv PRIVMSG #loltyler1 :mf is lying\r\n'
2022-11-05 12:30:27,643 — b':pacyassine!pacyassine@pacyassine.tmi.twitch.tv PRIVMSG #loltyler1 :that black guy following U\r\n'
2022-11-05 12:30:27,721 — b':thrusm!thrusm@thrusm.tmi.twitch.tv PRIVMSG #loltyler1 :KEKW\r\n'
2022-11-05 12:30:27,820 — b':leaguestreamerx!leaguestreamerx@leaguestreamerx.tmi.twitch.tv PRIVMSG #loltyler1 :Copeler1\r\n'
2022-11-05 12:30:27,899 — b':notapepega77!notapepega77@notapepega77.tmi.twitch.tv PRIVMSG #loltyler1 :silver genji BigBrother\r\n'
2022-11-05 12:30:27,968 — b':tasty_erik!tasty_erik@tasty_erik.tmi.twitch.tv PRIVMSG #loltyler1 :Pog\r\n'
2022-11-05 12:30:28,045 — b':wuju_highland3r!wuju_highland3r@wuju_highland3r.tmi.twitch.tv PRIVMSG #loltyler1 :@sander934, I did LUL\r\n'
2022-11-05 12:30:28,392 — b':symphony_of_heaven!symphony_of_heaven@symphony_of_heaven.tmi.twitch.tv PRIVMSG #loltyler1 :DIAMOND GENJI Copeler1\r\n'
2022-11-05 12:30:28,462 — b':ericzxl!ericzxl@ericzxl.tmi.twitch.tv PRIVMSG #loltyler1 :OMEGALUL\r\n:coca_cola_please!coca_cola_please@coca_cola_please.tmi.twitch.tv PRIVMSG #loltyler1 :Kappa Kappa\r\n'
2022-11-05 12:30:28,540 — b':astronot_69!astronot_69@astronot_69.tmi.twitch.tv PRIVMSG #loltyler1 :your bodyguard looks like a chump KEKW\r\n'
2022-11-05 12:30:28,754 — b':dassao!dassao@dassao.tmi.twitch.tv PRIVMSG #loltyler1 :SeemsGood SeemsGood SeemsGood SeemsGood SeemsGood\r\n'
2022-11-05 12:30:28,887 — b':yedivox!yedivox@yedivox.tmi.twitch.tv PRIVMSG #loltyler1 :Stop\r\n'
2022-11-05 12:30:29,321 — b':wilfrld!wilfrld@wilfrld.tmi.twitch.tv PRIVMSG #loltyler1 :Copeler1 REAL STORY\r\n'
2022-11-05 12:30:29,403 — b':rocklorito!rocklorito@rocklorito.tmi.twitch.tv PRIVMSG #loltyler1 :kek\r\n'
2022-11-05 12:30:30,000 — b':bok_choi8!bok_choi8@bok_choi8.tmi.twitch.tv PRIVMSG #loltyler1 :KEKW KID\r\n'
2022-11-05 12:30:30,344 — b':airsxo!airsxo@airsxo.tmi.twitch.tv PRIVMSG #loltyler1 :OMEGALUL\r\n'
2022-11-05 12:30:30,501 — b':nitroman2017!nitroman2017@nitroman2017.tmi.twitch.tv PRIVMSG #loltyler1 :KEKW\r\n'
2022-11-05 12:30:30,673 — b':pacyassine!pacyassine@pacyassine.tmi.twitch.tv PRIVMSG #loltyler1 :spy\r\n'
2022-11-05 12:30:30,756 — b':ajaxkm_!ajaxkm_@ajaxkm_.tmi.twitch.tv PRIVMSG #loltyler1 :ICANT\r\n'
2022-11-05 12:30:30,826 — b':swedish_expert!swedish_expert@swedish_expert.tmi.twitch.tv PRIVMSG #loltyler1 :GIGACHAD\r\n'
2022-11-05 12:30:30,960 — b':ilverism!ilverism@ilverism.tmi.twitch.tv PRIVMSG #loltyler1 :D:\r\n'
2022-11-05 12:30:31,042 — b':tylerkto!tylerkto@tylerkto.tmi.twitch.tv PRIVMSG #loltyler1 :THATS TOXIC HE WAS THE BEST GENJI\r\n'
2022-11-05 12:31:23,683 — b':tmi.twitch.tv 001 mrbelms :Welcome, GLHF!\r\n:tmi.twitch.tv 002 mrbelms :Your host is tmi.twitch.tv\r\n:tmi.twitch.tv 003 mrbelms :This server is rather new\r\n:tmi.twitch.tv 004 mrbelms :-\r\n:tmi.twitch.tv 375 mrbelms :-\r\n:tmi.twitch.tv 372 mrbelms :You are in a maze of twisty passages, all alike.\r\n:tmi.twitch.tv 376 mrbelms :>\r\n'
2022-11-05 12:31:23,766 — b':mrbelms!mrbelms@mrbelms.tmi.twitch.tv JOIN #loltyler1\r\n:mrbelms.tmi.twitch.tv 353 mrbelms = #loltyler1 :mrbelms\r\n:mrbelms.tmi.twitch.tv 366 mrbelms #loltyler1 :End of /NAMES list\r\n:tyrenxx!tyrenxx@tyrenxx.tmi.twitch.tv PRIVMSG #loltyler1 :bodyguard can film\r\n'
2022-11-05 12:31:23,844 — b':kilr0ych!kilr0ych@kilr0ych.tmi.twitch.tv PRIVMSG #loltyler1 :What is that in you arm WutFace\r\n'
2022-11-05 12:31:24,101 — b':iamfakernocapfrfr!iamfakernocapfrfr@iamfakernocapfrfr.tmi.twitch.tv PRIVMSG #loltyler1 :dude staring at you monkaMEGA\r\n'
2022-11-05 12:31:24,183 — b':reotoro!reotoro@reotoro.tmi.twitch.tv PRIVMSG #loltyler1 :5 ft POV\r\n'
2022-11-05 12:31:24,338 — b':merricat77!merricat77@merricat77.tmi.twitch.tv PRIVMSG #loltyler1 :WutFace \xf3\xa0\x80\x80\r\n'
2022-11-05 12:31:24,575 — b':twitchizwoketrash!twitchizwoketrash@twitchizwoketrash.tmi.twitch.tv PRIVMSG #loltyler1 :NOOO\r\n'
2022-11-05 12:31:24,647 — b':superduck_man!superduck_man@superduck_man.tmi.twitch.tv PRIVMSG #loltyler1 :nice view\r\n'
2022-11-05 12:31:24,724 — b':x2xblankx2x!x2xblankx2x@x2xblankx2x.tmi.twitch.tv PRIVMSG #loltyler1 :SHORT ARM SHORT ARM\r\n:chimpchange671!chimpchange671@chimpchange671.tmi.twitch.tv PRIVMSG #loltyler1 :BODYGUARD PogU\r\n'
2022-11-05 12:31:24,802 — b':adellaiswaifu!adellaiswaifu@adellaiswaifu.tmi.twitch.tv PRIVMSG #loltyler1 :SO TALL\r\n:pinochinnoo!pinochinnoo@pinochinnoo.tmi.twitch.tv PRIVMSG #loltyler1 :backpack? is he going to school\r\n'
2022-11-05 12:31:24,879 — b':officialsiloz!officialsiloz@officialsiloz.tmi.twitch.tv PRIVMSG #loltyler1 :tyler1H3 tyler1H4\r\n'
2022-11-05 12:31:25,249 — b':nobanarino!nobanarino@nobanarino.tmi.twitch.tv PRIVMSG #loltyler1 :Stare\r\n'
2022-11-05 12:31:25,327 — b':mrturtle115!mrturtle115@mrturtle115.tmi.twitch.tv PRIVMSG #loltyler1 :Stare\r\n'
2022-11-05 12:31:25,405 — b':momorawr!momorawr@momorawr.tmi.twitch.tv PRIVMSG #loltyler1 :Stare\r\n'
2022-11-05 12:31:25,807 — b':mud_boi10!mud_boi10@mud_boi10.tmi.twitch.tv PRIVMSG #loltyler1 :hit man behind u\r\n'
2022-11-05 12:31:25,884 — b':brid96!brid96@brid96.tmi.twitch.tv PRIVMSG #loltyler1 :????????\r\n'
2022-11-05 12:31:26,133 — b':maium_!maium_@maium_.tmi.twitch.tv PRIVMSG #loltyler1 :bro is hansome\r\n'
2022-11-05 12:31:26,383 — b':shmurdapapi!shmurdapapi@shmurdapapi.tmi.twitch.tv PRIVMSG #loltyler1 :why u got a bouncer?\r\n'
2022-11-05 12:31:26,455 — b':fatmetheny!fatmetheny@fatmetheny.tmi.twitch.tv PRIVMSG #loltyler1 :looks good\r\n:skreepcs!skreepcs@skreepcs.tmi.twitch.tv PRIVMSG #loltyler1 :MIDGET\r\n'
2022-11-05 12:31:26,532 — b':unklt!unklt@unklt.tmi.twitch.tv PRIVMSG #loltyler1 :DRAIN\r\n'
2022-11-05 12:31:26,607 — b':caam49!caam49@caam49.tmi.twitch.tv PRIVMSG #loltyler1 :go back\r\n'
2022-11-05 12:31:26,684 — b':ultralightmob!ultralightmob@ultralightmob.tmi.twitch.tv PRIVMSG #loltyler1 :Pepehands\r\n'
2022-11-05 12:31:26,794 — b':montyreign!montyreign@montyreign.tmi.twitch.tv PRIVMSG #loltyler1 :ehos the guiy in the bavk\r\n'
2022-11-05 12:31:26,870 — b':bli8tzz!bli8tzz@bli8tzz.tmi.twitch.tv PRIVMSG #loltyler1 :Looking MASSIVE\r\n'
2022-11-05 12:31:26,947 — b':drdachshund!drdachshund@drdachshund.tmi.twitch.tv PRIVMSG #loltyler1 :DansGame GO BACK\r\n:drvaporr!drvaporr@drvaporr.tmi.twitch.tv PRIVMSG #loltyler1 :better for sure\r\n:new__sense!new__sense@new__sense.tmi.twitch.tv PRIVMSG #loltyler1 :get a selfie stick\r\n'
2022-11-05 12:31:27,185 — b':anthon_no_y!anthon_no_y@anthon_no_y.tmi.twitch.tv PRIVMSG #loltyler1 :nicee ground\r\n'
2022-11-05 12:31:27,711 — b':vman251!vman251@vman251.tmi.twitch.tv PRIVMSG #loltyler1 :WHO IS THAT TALL MAN\r\n'
2022-11-05 12:31:27,779 — b':fdsin0!fdsin0@fdsin0.tmi.twitch.tv PRIVMSG #loltyler1 :tt so cute AYAYA\r\n'
2022-11-05 12:31:28,216 — b':edgarasrr!edgarasrr@edgarasrr.tmi.twitch.tv PRIVMSG #loltyler1 :behind u t1 monkaS\r\n'
2022-11-05 12:31:28,562 — b':slammyjj!slammyjj@slammyjj.tmi.twitch.tv PRIVMSG #loltyler1 :Pog finally\r\n'
2022-11-05 12:31:28,644 — b':p3ntox!p3ntox@p3ntox.tmi.twitch.tv PRIVMSG #loltyler1 :let kayla hold it @loltyler1\r\n'
2022-11-05 12:31:28,720 — b':dark_moon1420!dark_moon1420@dark_moon1420.tmi.twitch.tv PRIVMSG #loltyler1 :bring camera man u have money\r\n:alvaxp!alvaxp@alvaxp.tmi.twitch.tv PRIVMSG #loltyler1 :Kappa Kappa Kappa Kappa Kappa\r\n:ikune_7!ikune_7@ikune_7.tmi.twitch.tv PRIVMSG #loltyler1 :TTours\r\n'
2022-11-05 12:31:28,813 — b':cc_seba!cc_seba@cc_seba.tmi.twitch.tv PRIVMSG #loltyler1 :PagMan better\r\n'
2022-11-05 12:31:28,891 — b':chickendins!chickendins@chickendins.tmi.twitch.tv PRIVMSG #loltyler1 :???\r\n'
2022-11-05 12:31:28,968 — b':leaguestreamerx!leaguestreamerx@leaguestreamerx.tmi.twitch.tv PRIVMSG #loltyler1 :Boomer KEKW\r\n'
2022-11-05 12:31:29,044 — b':leviathan_x666!leviathan_x666@leviathan_x666.tmi.twitch.tv PRIVMSG #loltyler1 :thicccccc\r\n'
2022-11-05 12:31:29,189 — b':deathfire293!deathfire293@deathfire293.tmi.twitch.tv PRIVMSG #loltyler1 :THE BIG FUCKING TITAN T1 IN SF?\r\n'
2022-11-05 12:31:29,370 — b':pgl_audio_guy_tf!pgl_audio_guy_tf@pgl_audio_guy_tf.tmi.twitch.tv PRIVMSG #loltyler1 :T rex arms KEKW\r\n'
2022-11-05 12:31:29,523 — b':airsxo!airsxo@airsxo.tmi.twitch.tv PRIVMSG #loltyler1 :OMEGALUL\r\n'
2022-11-05 12:31:29,735 — b':zevvss!zevvss@zevvss.tmi.twitch.tv PRIVMSG #loltyler1 :BigBrother SION COSPLAY BigBrother SION COSPLAY BigBrother SION COSPLAY BigBrother SION COSPLAY BigBrother SION COSPLAY BigBrother SION COSPLAY\r\n'
2022-11-05 12:31:29,912 — b':mikeylokey!mikeylokey@mikeylokey.tmi.twitch.tv PRIVMSG #loltyler1 :blue corner\r\n'
2022-11-05 12:31:30,593 — b':kesude!kesude@kesude.tmi.twitch.tv PRIVMSG #loltyler1 :oh yeah perfect\r\n'
2022-11-05 12:31:30,944 — b':petali!petali@petali.tmi.twitch.tv PRIVMSG #loltyler1 :why ur head look like that?\r\n'
2022-11-05 12:31:31,713 — b':twitchizwoketrash!twitchizwoketrash@twitchizwoketrash.tmi.twitch.tv PRIVMSG #loltyler1 :SECURITY GUY\r\n'
2022-11-05 12:31:31,795 — b':antogk395!antogk395@antogk395.tmi.twitch.tv PRIVMSG #loltyler1 :Bodyguard Kreygasm Kreygasm Kreygasm\r\n'
2022-11-05 12:31:31,873 — b':wuju_highland3r!wuju_highland3r@wuju_highland3r.tmi.twitch.tv PRIVMSG #loltyler1 :GIGACHAD HOLY\r\n'
2022-11-05 12:31:31,949 — b':cynicalhope!cynicalhope@cynicalhope.tmi.twitch.tv PRIVMSG #loltyler1 :Pog\r\n'
2022-11-05 12:31:32,077 — b':coca_cola_please!coca_cola_please@coca_cola_please.tmi.twitch.tv PRIVMSG #loltyler1 :BatChest BatChest BatChest BatChest BatChest BatChest BatChest BatChest BatChest BatChest BatChest\r\n'
2022-11-05 12:31:32,149 — b':dassao!dassao@dassao.tmi.twitch.tv PRIVMSG #loltyler1 :WutFace WutFace WutFace\r\n'
2022-11-05 12:31:32,377 — b':jayfalko!jayfalko@jayfalko.tmi.twitch.tv PRIVMSG #loltyler1 :Get a stick\r\n'
2022-11-05 12:31:32,458 — b':flyinghuskyy!flyinghuskyy@flyinghuskyy.tmi.twitch.tv PRIVMSG #loltyler1 :Security KEKW\r\n'
2022-11-05 12:31:32,574 — b':tolerant__cow!tolerant__cow@tolerant__cow.tmi.twitch.tv PRIVMSG #loltyler1 :hm HeyGuys Jose\r\n'
2022-11-05 12:31:32,659 — b':grumppunk!grumppunk@grumppunk.tmi.twitch.tv PRIVMSG #loltyler1 :Stare\r\n'
2022-11-05 12:31:32,805 — b':archer_staynight!archer_staynight@archer_staynight.tmi.twitch.tv PRIVMSG #loltyler1 :its ok tt i love ur deformed head\r\n'
2022-11-05 12:31:32,876 — b':airsxo!airsxo@airsxo.tmi.twitch.tv PRIVMSG #loltyler1 :dub\r\n'
2022-11-05 12:31:32,977 — b':gabrydl!gabrydl@gabrydl.tmi.twitch.tv PRIVMSG #loltyler1 :blue spot\r\n'
2022-11-05 12:31:33,298 — b':xilverstreamer95!xilverstreamer95@xilverstreamer95.tmi.twitch.tv PRIVMSG #loltyler1 :GIGACHAD\r\n'
2022-11-05 12:31:33,427 — b':kidrock2095!kidrock2095@kidrock2095.tmi.twitch.tv PRIVMSG #loltyler1 :@jcitsjasonbourne he cant be lacking in LA bro\r\n'
2022-11-05 12:31:33,520 — b':tylerkto!tylerkto@tylerkto.tmi.twitch.tv PRIVMSG #loltyler1 :???\r\n'
2022-11-05 12:31:33,602 — b':cowbats1!cowbats1@cowbats1.tmi.twitch.tv PRIVMSG #loltyler1 :Pog\r\n'
2022-11-05 12:31:33,718 — b':ewagaulois!ewagaulois@ewagaulois.tmi.twitch.tv PRIVMSG #loltyler1 :AHHHHHHH\r\n'
2022-11-05 12:32:45,221 — b':mrbelms!mrbelms@mrbelms.tmi.twitch.tv JOIN #loltyler1\r\n:mrbelms.tmi.twitch.tv 353 mrbelms = #loltyler1 :mrbelms\r\n:mrbelms.tmi.twitch.tv 366 mrbelms #loltyler1 :End of /NAMES list\r\n'
2022-11-05 12:32:45,347 — b':moneybuyer!moneybuyer@moneybuyer.tmi.twitch.tv PRIVMSG #loltyler1 :WutFace\r\n'
2022-11-05 12:32:45,419 — b':c2stor!c2stor@c2stor.tmi.twitch.tv PRIVMSG #loltyler1 :CHIN WutFace\r\n'
2022-11-05 12:32:45,496 — b':2seoks!2seoks@2seoks.tmi.twitch.tv PRIVMSG #loltyler1 :GOAT\r\n'
2022-11-05 12:32:45,573 — b':coca_cola_please!coca_cola_please@coca_cola_please.tmi.twitch.tv PRIVMSG #loltyler1 :CRIMSON CHIN WutFace\r\n'
2022-11-05 12:32:45,886 — b':peepounlimited!peepounlimited@peepounlimited.tmi.twitch.tv PRIVMSG #loltyler1 :WutFace\r\n'
2022-11-05 12:32:45,958 — b':besidju_!besidju_@besidju_.tmi.twitch.tv PRIVMSG #loltyler1 :Cute ass jit\r\n'
2022-11-05 12:32:46,072 — b':ilverism!ilverism@ilverism.tmi.twitch.tv PRIVMSG #loltyler1 :monkerS\r\n'
2022-11-05 12:32:46,332 — b':fouls__!fouls__@fouls__.tmi.twitch.tv PRIVMSG #loltyler1 :BatChest\r\n'
2022-11-05 12:32:46,403 — b':atgsquats!atgsquats@atgsquats.tmi.twitch.tv PRIVMSG #loltyler1 :WutFace THE POWER OF CHRIST REPELS YOU\r\n'
2022-11-05 12:32:46,497 — b':luminaery!luminaery@luminaery.tmi.twitch.tv PRIVMSG #loltyler1 :monkaW\r\n'
2022-11-05 12:32:46,802 — b':symphony_of_heaven!symphony_of_heaven@symphony_of_heaven.tmi.twitch.tv PRIVMSG #loltyler1 :WutFace\r\n'
2022-11-05 12:32:47,028 — b':ajaxkm_!ajaxkm_@ajaxkm_.tmi.twitch.tv PRIVMSG #loltyler1 :MONKAW\r\n'
2022-11-05 12:32:47,185 — b':cereal0!cereal0@cereal0.tmi.twitch.tv PRIVMSG #loltyler1 :dementor\r\n'
2022-11-05 12:32:47,266 — b':leagueenj0yer!leagueenj0yer@leagueenj0yer.tmi.twitch.tv PRIVMSG #loltyler1 :monkaW\r\n'
2022-11-05 12:32:47,398 — b':permzilla!permzilla@permzilla.tmi.twitch.tv PRIVMSG #loltyler1 :DIESOFCRINGE\r\n'
2022-11-05 12:32:47,639 — b':klarionlol!klarionlol@klarionlol.tmi.twitch.tv PRIVMSG #loltyler1 ::)\r\n'
2022-11-05 12:32:47,712 — b':tmq97!tmq97@tmq97.tmi.twitch.tv PRIVMSG #loltyler1 :chin job\r\n'
2022-11-05 12:32:47,822 — b':yalex3223!yalex3223@yalex3223.tmi.twitch.tv PRIVMSG #loltyler1 :WutFace\r\n'
2022-11-05 12:32:47,896 — b':phantomciaw!phantomciaw@phantomciaw.tmi.twitch.tv PRIVMSG #loltyler1 :monkerS\r\n'
2022-11-05 12:32:47,974 — b':xdd_lole!xdd_lole@xdd_lole.tmi.twitch.tv PRIVMSG #loltyler1 :WutFace LUKA TER\r\n'
2022-11-05 12:32:48,051 — b':hexcellence!hexcellence@hexcellence.tmi.twitch.tv PRIVMSG #loltyler1 :BigBrother\r\n:addyolo!addyolo@addyolo.tmi.twitch.tv PRIVMSG #loltyler1 :WutFace CHIN\r\n:justandyhere!justandyhere@justandyhere.tmi.twitch.tv PRIVMSG #loltyler1 :Crimson chin WutFace\r\n'
2022-11-05 12:32:48,128 — b':eric4211!eric4211@eric4211.tmi.twitch.tv PRIVMSG #loltyler1 :no shot BatChest\r\n'
2022-11-05 12:32:48,818 — b':crazytown_bananapants!crazytown_bananapants@crazytown_bananapants.tmi.twitch.tv PRIVMSG #loltyler1 :WutFace\r\n'
2022-11-05 12:32:48,915 — b':sprinklyy!sprinklyy@sprinklyy.tmi.twitch.tv PRIVMSG #loltyler1 :monkaW\r\n'
2022-11-05 12:32:49,145 — b':batman141455!batman141455@batman141455.tmi.twitch.tv PRIVMSG #loltyler1 :ANIMEEEEE\r\n'
2022-11-05 12:32:49,223 — b':hightlol!hightlol@hightlol.tmi.twitch.tv PRIVMSG #loltyler1 :monkaW\r\n'
2022-11-05 12:32:49,439 — b':dontcageplebs!dontcageplebs@dontcageplebs.tmi.twitch.tv PRIVMSG #loltyler1 :BatChest\r\n'
2022-11-05 12:32:49,516 — b':xenuxable!xenuxable@xenuxable.tmi.twitch.tv PRIVMSG #loltyler1 :yeah not that bad im down bad\r\n'
2022-11-05 12:32:49,729 — b':ajaxkm_!ajaxkm_@ajaxkm_.tmi.twitch.tv PRIVMSG #loltyler1 :monkaW\r\n'
2022-11-05 12:32:49,818 — b':knight_owo!knight_owo@knight_owo.tmi.twitch.tv PRIVMSG #loltyler1 :WutFace\r\n'
2022-11-05 12:32:49,900 — b':hogridaaaaaaaaaaaaaaaaa!hogridaaaaaaaaaaaaaaaaa@hogridaaaaaaaaaaaaaaaaa.tmi.twitch.tv PRIVMSG #loltyler1 :monkaS\r\n:ericzxl!ericzxl@ericzxl.tmi.twitch.tv PRIVMSG #loltyler1 :monkaS\r\n'
2022-11-05 12:32:50,396 — b':thelegendaryawsome!thelegendaryawsome@thelegendaryawsome.tmi.twitch.tv PRIVMSG #loltyler1 :WutFace\r\n'
2022-11-05 12:32:50,469 — b':airsxo!airsxo@airsxo.tmi.twitch.tv PRIVMSG #loltyler1 :chilllz\r\n'
2022-11-05 12:32:50,596 — b':nobooty123!nobooty123@nobooty123.tmi.twitch.tv PRIVMSG #loltyler1 :monkaS\r\n'
2022-11-05 12:32:50,754 — b':unklt!unklt@unklt.tmi.twitch.tv PRIVMSG #loltyler1 :WutFace WutFace WutFace WutFace WutFace\r\n'
2022-11-05 12:32:50,837 — b':ozone379!ozone379@ozone379.tmi.twitch.tv PRIVMSG #loltyler1 :monkerS\r\n'
2022-11-05 12:32:50,941 — b':7901712347650707178537246!7901712347650707178537246@7901712347650707178537246.tmi.twitch.tv PRIVMSG #loltyler1 :monkaS\r\n'
2022-11-05 12:32:51,036 — b":davi2xr!davi2xr@davi2xr.tmi.twitch.tv PRIVMSG #loltyler1 :OMG IT'S PEANUT MEN\r\n"
2022-11-05 12:32:51,433 — b':only_watch_t1!only_watch_t1@only_watch_t1.tmi.twitch.tv PRIVMSG #loltyler1 :monkaW\r\n'
2022-11-05 12:32:51,555 — b':tismo34!tismo34@tismo34.tmi.twitch.tv PRIVMSG #loltyler1 :monkaW\r\n'
2022-11-05 12:32:51,639 — b':cjarver!cjarver@cjarver.tmi.twitch.tv PRIVMSG #loltyler1 :Have you ever done a stream not being fadedthanahoe brother?\r\n'
2022-11-05 12:32:52,028 — b':symphony_of_heaven!symphony_of_heaven@symphony_of_heaven.tmi.twitch.tv PRIVMSG #loltyler1 :WutFace WTF\r\n'
2022-11-05 12:32:52,645 — b':xilverstreamer95!xilverstreamer95@xilverstreamer95.tmi.twitch.tv PRIVMSG #loltyler1 :BatChest\r\n'
2022-11-05 12:32:52,928 — b':perkinssx!perkinssx@perkinssx.tmi.twitch.tv PRIVMSG #loltyler1 :pepeL\r\n'
2022-11-05 12:32:53,008 — b':herecomesthedunk!herecomesthedunk@herecomesthedunk.tmi.twitch.tv PRIVMSG #loltyler1 :Pog\r\n'
2022-11-05 12:32:53,085 — b':mistagatsby!mistagatsby@mistagatsby.tmi.twitch.tv PRIVMSG #loltyler1 :BatChest FANS\r\n'
2022-11-05 12:32:53,263 — b':krowfps!krowfps@krowfps.tmi.twitch.tv PRIVMSG #loltyler1 :BatChest\r\n'
2022-11-05 12:32:53,347 — b':mrragsgg!mrragsgg@mrragsgg.tmi.twitch.tv PRIVMSG #loltyler1 :WutFace\r\n'
2022-11-05 12:32:53,565 — b':popokuppa!popokuppa@popokuppa.tmi.twitch.tv PRIVMSG #loltyler1 :monkaW\r\n'
2022-11-05 12:32:53,641 — b':notarclight!notarclight@notarclight.tmi.twitch.tv PRIVMSG #loltyler1 :monkaW\r\n'
2022-11-05 12:32:53,871 — b':xxeliteshot01xx!xxeliteshot01xx@xxeliteshot01xx.tmi.twitch.tv PRIVMSG #loltyler1 :monkerS\r\n'
2022-11-05 12:32:53,983 — b':rsimple33!rsimple33@rsimple33.tmi.twitch.tv PRIVMSG #loltyler1 :GOBLIN\r\n'
2022-11-05 12:32:54,324 — b':starcatfish1!starcatfish1@starcatfish1.tmi.twitch.tv PRIVMSG #loltyler1 :BatChest TYLER\r\n'
2022-11-05 12:32:54,540 — b':4sdffreak!4sdffreak@4sdffreak.tmi.twitch.tv PRIVMSG #loltyler1 :BatChest\r\n'
2022-11-05 12:32:54,627 — b':salty12312381394831!salty12312381394831@salty12312381394831.tmi.twitch.tv PRIVMSG #loltyler1 :SPILLED WATER\r\n'
2022-11-05 12:32:54,924 — b':spartinus!spartinus@spartinus.tmi.twitch.tv PRIVMSG #loltyler1 :stop it chat be nice!\r\n'
2022-11-05 12:32:55,162 — b':pandagrog!pandagrog@pandagrog.tmi.twitch.tv PRIVMSG #loltyler1 :BatChest OMG BIG FAN\r\n'
