2022-10-25 22:53:58,381 — b':tmi.twitch.tv 001 mrbelms :Welcome, GLHF!\r\n:tmi.twitch.tv 002 mrbelms :Your host is tmi.twitch.tv\r\n:tmi.twitch.tv 003 mrbelms :This server is rather new\r\n:tmi.twitch.tv 004 mrbelms :-\r\n:tmi.twitch.tv 375 mrbelms :-\r\n:tmi.twitch.tv 372 mrbelms :You are in a maze of twisty passages, all alike.\r\n:tmi.twitch.tv 376 mrbelms :>\r\n'
2022-10-25 22:54:00,491 — b':tmi.twitch.tv 001 mrbelms :Welcome, GLHF!\r\n:tmi.twitch.tv 002 mrbelms :Your host is tmi.twitch.tv\r\n:tmi.twitch.tv 003 mrbelms :This server is rather new\r\n:tmi.twitch.tv 004 mrbelms :-\r\n:tmi.twitch.tv 375 mrbelms :-\r\n:tmi.twitch.tv 372 mrbelms :You are in a maze of twisty passages, all alike.\r\n:tmi.twitch.tv 376 mrbelms :>\r\n'
2022-10-25 22:54:00,581 — b':mrbelms!mrbelms@mrbelms.tmi.twitch.tv JOIN #shroud\r\n:mrbelms.tmi.twitch.tv 353 mrbelms = #shroud :mrbelms\r\n:mrbelms.tmi.twitch.tv 366 mrbelms #shroud :End of /NAMES list\r\n'
2022-10-25 22:54:01,016 — b':ersdaltv!ersdaltv@ersdaltv.tmi.twitch.tv PRIVMSG #shroud :@sithcobra Isnt New World pretty dead? :p\r\n'
2022-10-25 22:54:03,387 — b':rocket19281!rocket19281@rocket19281.tmi.twitch.tv PRIVMSG #shroud :how do youhandle that many skills on your bars lol\r\n'
2022-10-25 22:54:09,007 — b':slycon!slycon@slycon.tmi.twitch.tv PRIVMSG #shroud :@omeggie lmao sucks for you\r\n'
2022-10-25 22:54:14,316 — b':pyromancy03!pyromancy03@pyromancy03.tmi.twitch.tv PRIVMSG #shroud :Hello @shroud are you gonna play lost ark again at some time?\r\n'
2022-10-25 22:54:14,910 — b":streamelements!streamelements@streamelements.tmi.twitch.tv PRIVMSG #shroud :Check out Mike's Instagram account - http://www.instagram.com/shroud :D\r\n"
2022-10-25 22:54:24,072 — b':eros718!eros718@eros718.tmi.twitch.tv PRIVMSG #shroud :LUL\r\n'
2022-10-25 22:54:31,296 — b':erosiccu!erosiccu@erosiccu.tmi.twitch.tv PRIVMSG #shroud :hydrate\r\n'
2022-10-25 22:54:36,070 — b':campmasterlazlo!campmasterlazlo@campmasterlazlo.tmi.twitch.tv PRIVMSG #shroud :what class is he?\r\n'
2022-10-25 22:54:38,355 — b':hayride!hayride@hayride.tmi.twitch.tv PRIVMSG #shroud :!addons\r\n'
2022-10-25 22:54:38,564 — b':streamelements!streamelements@streamelements.tmi.twitch.tv PRIVMSG #shroud :@hayride Type !classicaddons for WoW Classic !addonlinks for WoW Classic addon links and !esoaddons for Elder Scrolls Online shroudYEP\r\n'
2022-10-25 22:54:47,079 — b':hayride!hayride@hayride.tmi.twitch.tv PRIVMSG #shroud :!classicaddons\r\n'
2022-10-25 22:54:47,187 — b':streamelements!streamelements@streamelements.tmi.twitch.tv PRIVMSG #shroud :@hayride, shroud uses SexyMap, Atlas, Bagnon, Details! Damage Meter, Dominos, LortiUI, Weak Auras, and TSM (TradeskillMaster). Font used: Prototype. Full list here: https://clips.twitch.tv/AuspiciousHedonisticBaconCharlieBitMe-lo617BXkDq7AIQCD - Updated 6/9/21\r\n'
2022-10-25 22:54:47,489 — b':cptaizensosuke!cptaizensosuke@cptaizensosuke.tmi.twitch.tv PRIVMSG #shroud :@CampMasterLazlo protadin\r\n'
2022-10-25 22:54:49,334 — b':cooltimate!cooltimate@cooltimate.tmi.twitch.tv PRIVMSG #shroud :tony the tiger fkn mad\r\n'
2022-10-25 22:54:52,097 — b':theragingunicorn!theragingunicorn@theragingunicorn.tmi.twitch.tv PRIVMSG #shroud :omeggie theres a whole directory full of ow streamers\r\n'
2022-10-25 22:55:21,558 — b':voyl_!voyl_@voyl_.tmi.twitch.tv PRIVMSG #shroud :we did it today :)\r\n'
2022-10-25 22:55:28,298 — b':voyl_!voyl_@voyl_.tmi.twitch.tv PRIVMSG #shroud :our top dps was 4.5k\r\n'
2022-10-25 22:55:29,527 — b':kiilua99!kiilua99@kiilua99.tmi.twitch.tv PRIVMSG #shroud :@shroud you lived, the second drake that landed killed u xD\r\n'
2022-10-25 22:55:58,484 — b':pyromancy03!pyromancy03@pyromancy03.tmi.twitch.tv PRIVMSG #shroud :Hello @shroud are you gonna play lost ark again at some time?\r\n'
2022-10-25 22:56:03,494 — b':der0mega!der0mega@der0mega.tmi.twitch.tv PRIVMSG #shroud :the easy strat is tro bring 2 tanks 2 healers\r\n'
2022-10-25 22:56:24,947 — b':alphasimply!alphasimply@alphasimply.tmi.twitch.tv PRIVMSG #shroud :ez solo wonder if i can solo as geared demo.. havent tried in a bit\r\n'
2022-10-25 22:56:26,246 — b':lanard9!lanard9@lanard9.tmi.twitch.tv PRIVMSG #shroud :what is ur gs\r\n'
2022-10-25 22:56:30,450 — b':cptaizensosuke!cptaizensosuke@cptaizensosuke.tmi.twitch.tv PRIVMSG #shroud :@shroud someone said that you would be best apex pred if you played apex legends, so question is why arent you playing that game? :O\r\n'
2022-10-25 22:56:34,954 — b':kokko503!kokko503@kokko503.tmi.twitch.tv PRIVMSG #shroud :you get a good parse on 3d without t rying tbh cause so few people have cleared it\r\n'
2022-10-25 22:56:40,137 — b':kiilua99!kiilua99@kiilua99.tmi.twitch.tv PRIVMSG #shroud :@shroud the razz raptors right there drop a sick little baby raptor pet =D\r\n'
2022-10-25 22:56:57,715 — b':koffiekoekje!koffiekoekje@koffiekoekje.tmi.twitch.tv PRIVMSG #shroud :Good times, sometimes a struggle, but good times\r\n'
2022-10-25 22:57:00,806 — b':jimbagg!jimbagg@jimbagg.tmi.twitch.tv PRIVMSG #shroud :Just let wf do its work and kick back\r\n'
2022-10-25 22:57:05,719 — b':alphasimply!alphasimply@alphasimply.tmi.twitch.tv PRIVMSG #shroud :yeah lol\r\n'
2022-10-25 22:57:15,711 — b':candlesticks_!candlesticks_@candlesticks_.tmi.twitch.tv PRIVMSG #shroud :did shroud play console games growing up or has always been a pc gamer?\r\n'
2022-10-25 22:57:46,739 — b':quater36!quater36@quater36.tmi.twitch.tv PRIVMSG #shroud :!server\r\n'
2022-10-25 22:57:50,557 — b':xhairbait!xhairbait@xhairbait.tmi.twitch.tv PRIVMSG #shroud :Optimal strat confirmed!\r\n'
2022-10-25 22:58:15,948 — b':chippotlettv!chippotlettv@chippotlettv.tmi.twitch.tv PRIVMSG #shroud :no music?\r\n'
2022-10-25 22:58:23,408 — b':rieux32!rieux32@rieux32.tmi.twitch.tv PRIVMSG #shroud :gaming\r\n'
2022-10-25 22:58:37,240 — b":xhairbait!xhairbait@xhairbait.tmi.twitch.tv PRIVMSG #shroud :don't forget to beat your leather drums baby!\r\n"
2022-10-25 22:58:40,510 — b':endoftheend!endoftheend@endoftheend.tmi.twitch.tv PRIVMSG #shroud :EZ\r\n'
2022-10-25 22:58:51,131 — b':tiltz_!tiltz_@tiltz_.tmi.twitch.tv PRIVMSG #shroud :You playing New World Fresh Start Servers Nov 2nd?\r\n'
2022-10-25 22:58:55,775 — b':alphasimply!alphasimply@alphasimply.tmi.twitch.tv PRIVMSG #shroud :Drums YEP\r\n'
2022-10-25 22:58:59,435 — b':rukia__kuchiki!rukia__kuchiki@rukia__kuchiki.tmi.twitch.tv PRIVMSG #shroud :YEP drums\r\n'
2022-10-25 22:58:59,753 — b":bigman_init!bigman_init@bigman_init.tmi.twitch.tv PRIVMSG #shroud :LMFAO 11 IN THE WORLD '' does that include china ?! LMFAO\r\n"
2022-10-25 22:59:21,496 — b':kiilua99!kiilua99@kiilua99.tmi.twitch.tv PRIVMSG #shroud :i recommended the drums SOOMUCH earlier lmao, im glad everyone started spamming it xD\r\n'
2022-10-25 22:59:35,816 — b':alphasimply!alphasimply@alphasimply.tmi.twitch.tv PRIVMSG #shroud :they are built biffy\r\n'
2022-10-25 22:59:42,237 — b':koffiekoekje!koffiekoekje@koffiekoekje.tmi.twitch.tv PRIVMSG #shroud :Gamers\r\n'
2022-10-25 22:59:42,454 — b':alphasimply!alphasimply@alphasimply.tmi.twitch.tv PRIVMSG #shroud :diffy*\r\n'
2022-10-25 22:59:47,151 — b':triplezro!triplezro@triplezro.tmi.twitch.tv PRIVMSG #shroud :ANY TIGER OWNERS\r\n'
2022-10-25 22:59:51,932 — b':der0mega!der0mega@der0mega.tmi.twitch.tv PRIVMSG #shroud :china plays a different game, not even hosted by Blizzard itself\r\n'
2022-10-25 22:59:52,179 — b':erosiccu!erosiccu@erosiccu.tmi.twitch.tv PRIVMSG #shroud :Do you push to talk in discord or voice ac?\r\n'
2022-10-25 22:59:57,971 — b':bigman_init!bigman_init@bigman_init.tmi.twitch.tv PRIVMSG #shroud :i know it\'s just funny how he asked if china is included in \' the world \'"\r\n'
2022-10-25 23:00:07,740 — b':xhairbait!xhairbait@xhairbait.tmi.twitch.tv PRIVMSG #shroud :*Tigerking Enters The Chat*\r\n'
2022-10-25 23:00:10,271 — b':cptaizensosuke!cptaizensosuke@cptaizensosuke.tmi.twitch.tv PRIVMSG #shroud :when released this raid was for 25people of lvl60, 20lvls later and you get to do it solo :D but last boss proly cant be done solo\r\n'
2022-10-25 23:00:26,338 — b':immikeyangelo!immikeyangelo@immikeyangelo.tmi.twitch.tv PRIVMSG #shroud :25 people was it?\r\n'
2022-10-25 23:00:42,956 — b':chicknwiings!chicknwiings@chicknwiings.tmi.twitch.tv PRIVMSG #shroud :zg 20\r\n'
2022-10-25 23:00:45,526 — b':chicknwiings!chicknwiings@chicknwiings.tmi.twitch.tv PRIVMSG #shroud :its 20 people\r\n'
2022-10-25 23:01:03,641 — b':immikeyangelo!immikeyangelo@immikeyangelo.tmi.twitch.tv PRIVMSG #shroud :btw shout out to the gifters that got me to a 2 year sub badge\r\n'
2022-10-25 23:01:06,008 — b':zielrx!zielrx@zielrx.tmi.twitch.tv PRIVMSG #shroud :whats ur gs sheesh?\r\n'
2022-10-25 23:01:13,477 — b':xhairbait!xhairbait@xhairbait.tmi.twitch.tv PRIVMSG #shroud :LOL\r\n'
2022-10-25 23:01:15,435 — b':ryanhc4life!ryanhc4life@ryanhc4life.tmi.twitch.tv PRIVMSG #shroud :Morning mate\r\n'
2022-10-25 23:01:16,424 — b":immikeyangelo!immikeyangelo@immikeyangelo.tmi.twitch.tv PRIVMSG #shroud :Just gotta hang in chat and you'll get a sub eventually\r\n"
2022-10-25 23:01:17,196 — b':general_merk!general_merk@general_merk.tmi.twitch.tv PRIVMSG #shroud :Self loathing\r\n'
2022-10-25 23:01:18,552 — b':i_hem!i_hem@i_hem.tmi.twitch.tv PRIVMSG #shroud :!rank\r\n'
2022-10-25 23:01:20,644 — b':streamelements!streamelements@streamelements.tmi.twitch.tv PRIVMSG #shroud :@i_Hem, his rank is Immortal 3 - 504RR.  (acc: shroud)\r\n'
2022-10-25 23:01:21,042 — b':xhairbait!xhairbait@xhairbait.tmi.twitch.tv PRIVMSG #shroud :bring on that negativity baby\r\n'
2022-10-25 23:01:21,211 — b":krypp91!krypp91@krypp91.tmi.twitch.tv PRIVMSG #shroud :doesn't drop if you don't do it\r\n"
2022-10-25 23:01:24,247 — b':rieux32!rieux32@rieux32.tmi.twitch.tv PRIVMSG #shroud :Sadge\r\n'
2022-10-25 23:01:24,419 — b':vacui_dev!vacui_dev@vacui_dev.tmi.twitch.tv PRIVMSG #shroud :yes\r\n'
2022-10-25 23:01:26,878 — b':alphasimply!alphasimply@alphasimply.tmi.twitch.tv PRIVMSG #shroud :yep\r\n'
2022-10-25 23:01:27,988 — b':theragingunicorn!theragingunicorn@theragingunicorn.tmi.twitch.tv PRIVMSG #shroud :LOL\r\n'
2022-10-25 23:01:28,150 — b':erosiccu!erosiccu@erosiccu.tmi.twitch.tv PRIVMSG #shroud :yeah almost exactly haha\r\n'
2022-10-25 23:01:28,519 — b':itsjer!itsjer@itsjer.tmi.twitch.tv PRIVMSG #shroud :no\r\n'
2022-10-25 23:01:31,721 — b':cptaizensosuke!cptaizensosuke@cptaizensosuke.tmi.twitch.tv PRIVMSG #shroud :its like 0.5 or 1 %\r\n'
2022-10-25 23:01:31,805 — b':wolfyowns!wolfyowns@wolfyowns.tmi.twitch.tv PRIVMSG #shroud :pretty much lol\r\n'
2022-10-25 23:01:33,880 — b':chicknwiings!chicknwiings@chicknwiings.tmi.twitch.tv PRIVMSG #shroud :pick up items and vendor :))\r\n'
2022-10-25 23:01:34,033 — b':milestonemi!milestonemi@milestonemi.tmi.twitch.tv PRIVMSG #shroud :yes\r\n'
2022-10-25 23:01:36,490 — b':lunatickish!lunatickish@lunatickish.tmi.twitch.tv PRIVMSG #shroud :becasue one day you know it will drop\r\n'
2022-10-25 23:01:36,961 — b':kranyus!kranyus@kranyus.tmi.twitch.tv PRIVMSG #shroud :@shroud do karazhan\r\n'
2022-10-25 23:01:41,759 — b':clyrro!clyrro@clyrro.tmi.twitch.tv PRIVMSG #shroud :got the mount 1 hour ago\r\n'
2022-10-25 23:01:42,945 — b':milestonemi!milestonemi@milestonemi.tmi.twitch.tv PRIVMSG #shroud :I spend a lot of money on lottor\r\n'
2022-10-25 23:01:45,664 — b':cyphex_o_araphs!cyphex_o_araphs@cyphex_o_araphs.tmi.twitch.tv PRIVMSG #shroud :Shroud malding so much he looked like stephen hawking\r\n'
2022-10-25 23:01:52,004 — b':rieux32!rieux32@rieux32.tmi.twitch.tv PRIVMSG #shroud :reset in 1day 8hrs\r\n'
2022-10-25 23:01:52,297 — b':rukia__kuchiki!rukia__kuchiki@rukia__kuchiki.tmi.twitch.tv PRIVMSG #shroud :gambling without the risk of losing your house and sending your family into crippling debt\r\n'
2022-10-25 23:01:57,842 — b':triplezro!triplezro@triplezro.tmi.twitch.tv PRIVMSG #shroud :COPIUM @shroud\r\n'
2022-10-25 23:02:01,034 — b':cptaizensosuke!cptaizensosuke@cptaizensosuke.tmi.twitch.tv PRIVMSG #shroud :@shroud find druid to summon lord Anzu :D\r\n'
2022-10-25 23:02:08,914 — b':itsjer!itsjer@itsjer.tmi.twitch.tv PRIVMSG #shroud :gambling is fun because of the experience. mount farming is fun when you get the mount\r\n'
2022-10-25 23:02:13,290 — b":koffiekoekje!koffiekoekje@koffiekoekje.tmi.twitch.tv PRIVMSG #shroud :Wait for Pandaria then it's all shared COPIUM\r\n"
2022-10-25 23:02:14,185 — b":bigman_init!bigman_init@bigman_init.tmi.twitch.tv PRIVMSG #shroud :the drako's\r\n"
2022-10-25 23:02:50,050 — b':heyitsghost_t!heyitsghost_t@heyitsghost_t.tmi.twitch.tv PRIVMSG #shroud :hi shroud\r\n'
2022-10-25 23:03:13,035 — b":cptaizensosuke!cptaizensosuke@cptaizensosuke.tmi.twitch.tv PRIVMSG #shroud :i have like 5-6 invicibles :) 2x lord anzu's, headless maunt, love rocket, etc etc :D\r\n"
2022-10-25 23:03:23,640 — b':xhairbait!xhairbait@xhairbait.tmi.twitch.tv PRIVMSG #shroud :"Wtf is he going on about"\r\n'
2022-10-25 23:03:30,263 — b':austenparlo6!austenparlo6@austenparlo6.tmi.twitch.tv PRIVMSG #shroud :Does he ever play wow with Asmon?\r\n'
2022-10-25 23:03:43,503 — b':anafropick!anafropick@anafropick.tmi.twitch.tv PRIVMSG #shroud :33.3% repeating of course\r\n'
2022-10-25 23:03:52,153 — b':xhairbait!xhairbait@xhairbait.tmi.twitch.tv PRIVMSG #shroud :LOL @anafropick classic\r\n'
2022-10-25 23:03:52,922 — b':parkerrxd!parkerrxd@parkerrxd.tmi.twitch.tv PRIVMSG #shroud :bro who actually still plays this lmao\r\n'
2022-10-25 23:04:17,112 — b':candlesticks_!candlesticks_@candlesticks_.tmi.twitch.tv PRIVMSG #shroud :thanks shroud\r\n'
2022-10-25 23:04:18,519 — b':candlesticks_!candlesticks_@candlesticks_.tmi.twitch.tv PRIVMSG #shroud :gn\r\n'
2022-10-25 23:04:22,758 — b':bigman_init!bigman_init@bigman_init.tmi.twitch.tv PRIVMSG #shroud :that look on his face lmao\r\n'
2022-10-25 23:04:30,652 — b':alphasimply!alphasimply@alphasimply.tmi.twitch.tv PRIVMSG #shroud :PepeLaugh\r\n'
2022-10-25 23:04:44,048 — b':flashnickgg!flashnickgg@flashnickgg.tmi.twitch.tv PRIVMSG #shroud :LUL\r\n'
2022-10-25 23:04:46,274 — b':xhairbait!xhairbait@xhairbait.tmi.twitch.tv PRIVMSG #shroud :slushpOof2\r\n'
2022-10-25 23:04:46,921 — b':voyl_!voyl_@voyl_.tmi.twitch.tv PRIVMSG #shroud :PepeLaugh\r\n'
2022-10-25 23:04:49,245 — b':onlyme_11!onlyme_11@onlyme_11.tmi.twitch.tv PRIVMSG #shroud :Wait is this classic or retail ?\r\n'
2022-10-25 23:04:52,670 — b':triplezro!triplezro@triplezro.tmi.twitch.tv PRIVMSG #shroud :BRUH\r\n'
2022-10-25 23:04:58,398 — b':triplezro!triplezro@triplezro.tmi.twitch.tv PRIVMSG #shroud :HELLO? @shroud\r\n'
2022-10-25 23:05:00,462 — b':cooltimate!cooltimate@cooltimate.tmi.twitch.tv PRIVMSG #shroud :silently quit\r\n'
2022-10-25 23:05:03,847 — b':cptaizensosuke!cptaizensosuke@cptaizensosuke.tmi.twitch.tv PRIVMSG #shroud :@anafropick asmon is not like uber good wow player, everywhere he went he was carried, he is more like good interesting guy to watch because of things his going to say\r\n'
2022-10-25 23:05:06,431 — b':xhairbait!xhairbait@xhairbait.tmi.twitch.tv PRIVMSG #shroud :too invested\r\n'
2022-10-25 23:05:18,734 — b':erosiccu!erosiccu@erosiccu.tmi.twitch.tv PRIVMSG #shroud :epic\r\n'
2022-10-25 23:05:20,533 — b':cyphex_o_araphs!cyphex_o_araphs@cyphex_o_araphs.tmi.twitch.tv PRIVMSG #shroud :You dont need prot+ret, just make a preg pvp spec\r\n'
2022-10-25 23:05:21,288 — b':imarabian23!imarabian23@imarabian23.tmi.twitch.tv PRIVMSG #shroud :Put the new title on\r\n'
2022-10-25 23:05:22,401 — b':xhairbait!xhairbait@xhairbait.tmi.twitch.tv PRIVMSG #shroud :LUL\r\n'
2022-10-25 23:05:25,795 — b':imarabian23!imarabian23@imarabian23.tmi.twitch.tv PRIVMSG #shroud :Wrath is fun :)\r\n'
2022-10-25 23:05:27,694 — b":erosiccu!erosiccu@erosiccu.tmi.twitch.tv PRIVMSG #shroud :you've got the fuckin gas to invest hahaha full time gamer boy\r\n"
2022-10-25 23:05:30,768 — b':thoth_the3x!thoth_the3x@thoth_the3x.tmi.twitch.tv PRIVMSG #shroud :shamans are bis though\r\n'
2022-10-25 23:05:33,024 — b':camslam!camslam@camslam.tmi.twitch.tv PRIVMSG #shroud :thankfully you play video games for a living\r\n'
2022-10-25 23:05:35,139 — b':psellismophilia!psellismophilia@psellismophilia.tmi.twitch.tv PRIVMSG #shroud :fggt\r\n'
2022-10-25 23:05:38,539 — b':immikeyangelo!immikeyangelo@immikeyangelo.tmi.twitch.tv PRIVMSG #shroud :Gnight, ty for the stream\r\n'
2022-10-25 23:05:42,846 — b':onlyme_11!onlyme_11@onlyme_11.tmi.twitch.tv PRIVMSG #shroud :Classic or retail I\xe2\x80\x99m a noob\r\n'
2022-10-25 23:05:47,721 — b':imarabian23!imarabian23@imarabian23.tmi.twitch.tv PRIVMSG #shroud :pog\r\n'
2022-10-25 23:05:48,807 — b':porkling1805!porkling1805@porkling1805.tmi.twitch.tv PRIVMSG #shroud :@Psellismophilia  Stare\r\n'
2022-10-25 23:05:55,161 — b":erosiccu!erosiccu@erosiccu.tmi.twitch.tv PRIVMSG #shroud :absolutely kid me's dream being able to deck out\r\n"
2022-10-25 23:05:55,254 — b':kur0n0_kei!kur0n0_kei@kur0n0_kei.tmi.twitch.tv PRIVMSG #shroud :If the dps cant kill it before it kills us\r\n'
2022-10-25 23:06:03,404 — b":blaznboyz!blaznboyz@blaznboyz.tmi.twitch.tv PRIVMSG #shroud :@imarabian23 LOL. We are luck he's streaming at all today.\r\n"
2022-10-25 23:06:10,649 — b':blaznboyz!blaznboyz@blaznboyz.tmi.twitch.tv PRIVMSG #shroud :lucky*\r\n'
2022-10-25 23:06:11,814 — b':bengalbroys!bengalbroys@bengalbroys.tmi.twitch.tv PRIVMSG #shroud :Gn shroudLove\r\n'
2022-10-25 23:06:14,926 — b':ghazzytv!ghazzytv@ghazzytv.tmi.twitch.tv PRIVMSG #shroud :GGs\r\n'
2022-10-25 23:06:16,791 — b':psellismophilia!psellismophilia@psellismophilia.tmi.twitch.tv PRIVMSG #shroud :fggt\r\n'
2022-10-25 23:06:18,425 — b':alphasimply!alphasimply@alphasimply.tmi.twitch.tv PRIVMSG #shroud :GGs\r\n'
2022-10-25 23:06:20,700 — b':xhairbait!xhairbait@xhairbait.tmi.twitch.tv PRIVMSG #shroud :Good wow session! Great to watch!\r\n'
2022-10-25 23:06:24,989 — b':tylermcturtle!tylermcturtle@tylermcturtle.tmi.twitch.tv PRIVMSG #shroud :with MMO games I always ask myself what the point is of leveling, and I never come up with a satisfying answer KEKW\r\n'
2022-10-25 23:06:26,519 — b':jerseybricklayer!jerseybricklayer@jerseybricklayer.tmi.twitch.tv PRIVMSG #shroud :shroudGG shroudLove shroudGG shroudLove\r\n'
2022-10-25 23:06:26,729 — b':xhairbait!xhairbait@xhairbait.tmi.twitch.tv PRIVMSG #shroud :20 min ad?\r\n'
2022-10-25 23:06:27,511 — b':rada_manthys!rada_manthys@rada_manthys.tmi.twitch.tv PRIVMSG #shroud :nice day bruh\r\n'
2022-10-25 23:06:27,658 — b':alphasimply!alphasimply@alphasimply.tmi.twitch.tv PRIVMSG #shroud :@Psellismophilia WeirdChamp\r\n'
2022-10-25 23:06:27,832 — b':cpt_dave_!cpt_dave_@cpt_dave_.tmi.twitch.tv PRIVMSG #shroud :gn8\r\n'
2022-10-25 23:06:29,664 — b":blaznboyz!blaznboyz@blaznboyz.tmi.twitch.tv PRIVMSG #shroud :GG's mate\r\n"
2022-10-25 23:06:30,218 — b':bengalbroys!bengalbroys@bengalbroys.tmi.twitch.tv PRIVMSG #shroud :@JerseyBricklayer shroudLove\r\n'
2022-10-25 23:06:34,767 — b':rukia__kuchiki!rukia__kuchiki@rukia__kuchiki.tmi.twitch.tv PRIVMSG #shroud :he got away with the first one KEKW but doubled down anyway\r\n'
2022-10-25 23:06:39,844 — b':bigvig8!bigvig8@bigvig8.tmi.twitch.tv PRIVMSG #shroud :have fun at disney!!!\r\n'
2022-10-25 23:06:41,255 — b':miketolo71!miketolo71@miketolo71.tmi.twitch.tv PRIVMSG #shroud :its afor me kinda game\r\n'
2022-10-25 23:06:45,495 — b':jerseybricklayer!jerseybricklayer@jerseybricklayer.tmi.twitch.tv PRIVMSG #shroud :@bengalbroys shroudGG shroudWave\r\n'
2022-10-25 23:06:45,567 — b':alphasimply!alphasimply@alphasimply.tmi.twitch.tv PRIVMSG #shroud :People do play and watch it, the true gamers\r\n'
2022-10-25 23:06:52,174 — b':parkerrxd!parkerrxd@parkerrxd.tmi.twitch.tv PRIVMSG #shroud :You can still do that while streaming lmao\r\n'
2022-10-25 23:06:52,839 — b':tomshelby_!tomshelby_@tomshelby_.tmi.twitch.tv PRIVMSG #shroud :we like it dude!\r\n'
2022-10-25 23:06:53,108 — b':triplezro!triplezro@triplezro.tmi.twitch.tv PRIVMSG #shroud :invasive\r\n'
2022-10-25 23:06:53,238 — b':theragingunicorn!theragingunicorn@theragingunicorn.tmi.twitch.tv PRIVMSG #shroud :I love how u were like\r\n'
2022-10-25 23:06:53,813 — b':beastoburden!beastoburden@beastoburden.tmi.twitch.tv PRIVMSG #shroud :how is the gear coming? are you raiding?\r\n'
2022-10-25 23:06:54,764 — b':honogami!honogami@honogami.tmi.twitch.tv PRIVMSG #shroud :stream was great\r\n'
2022-10-25 23:06:55,535 — b':theragingunicorn!theragingunicorn@theragingunicorn.tmi.twitch.tv PRIVMSG #shroud :O SHIT im streaming\r\n'
2022-10-25 23:06:56,569 — b':potf!potf@potf.tmi.twitch.tv PRIVMSG #shroud :kinky\r\n'
2022-10-25 23:06:58,485 — b":tylermcturtle!tylermcturtle@tylermcturtle.tmi.twitch.tv PRIVMSG #shroud :but if u didn't stream, u wouldn't have got the chatter to help\r\n"
2022-10-25 23:06:59,352 — b':bigman_init!bigman_init@bigman_init.tmi.twitch.tv PRIVMSG #shroud :most of us aint saying a word either while watching xD\r\n'
2022-10-25 23:07:01,867 — b':eskimov21!eskimov21@eskimov21.tmi.twitch.tv PRIVMSG #shroud :its fun to watch wow\r\n'
2022-10-25 23:07:04,368 — b':rada_manthys!rada_manthys@rada_manthys.tmi.twitch.tv PRIVMSG #shroud :its was nice bruh relax\r\n'
2022-10-25 23:07:10,644 — b':darkmindz_!darkmindz_@darkmindz_.tmi.twitch.tv PRIVMSG #shroud :omg he is talking\r\n'
2022-10-25 23:07:13,959 — b':haunting_haunter!haunting_haunter@haunting_haunter.tmi.twitch.tv PRIVMSG #shroud :stream on alt\r\n'
2022-10-25 23:07:18,940 — b':mexqx!mexqx@mexqx.tmi.twitch.tv PRIVMSG #shroud :no mic no cam\r\n'
2022-10-25 23:07:21,193 — b':haunting_haunter!haunting_haunter@haunting_haunter.tmi.twitch.tv PRIVMSG #shroud :cause i love wathcing the wow content\r\n'
2022-10-25 23:07:24,413 — b':kiilua99!kiilua99@kiilua99.tmi.twitch.tv PRIVMSG #shroud :ur good bro. Cheers, take care mental health is important!\r\n'
2022-10-25 23:07:30,013 — b':flashnickgg!flashnickgg@flashnickgg.tmi.twitch.tv PRIVMSG #shroud :gg\r\n'
2022-10-25 23:07:30,358 — b':4xpatty!4xpatty@4xpatty.tmi.twitch.tv PRIVMSG #shroud :Let see some lvl up streams\r\n'
2022-10-25 23:07:34,330 — b':tyso__!tyso__@tyso__.tmi.twitch.tv PRIVMSG #shroud :!addons\r\n'
2022-10-25 23:07:34,562 — b':streamelements!streamelements@streamelements.tmi.twitch.tv PRIVMSG #shroud :@Tyso__ Type !classicaddons for WoW Classic !addonlinks for WoW Classic addon links and !esoaddons for Elder Scrolls Online shroudYEP\r\n'
2022-10-25 23:07:36,982 — b':flashnickgg!flashnickgg@flashnickgg.tmi.twitch.tv PRIVMSG #shroud :bye chat and shroud shroudWave\r\n'
2022-10-25 23:07:37,630 — b':audaciik!audaciik@audaciik.tmi.twitch.tv PRIVMSG #shroud :People enjoy watching it regardless\r\n'
2022-10-25 23:07:38,601 — b':piratekingz!piratekingz@piratekingz.tmi.twitch.tv PRIVMSG #shroud :2020ByeGuys\r\n'
2022-10-25 23:07:39,300 — b':hoolaa!hoolaa@hoolaa.tmi.twitch.tv PRIVMSG #shroud :he level shammy from 1 to 80 in 2 days\r\n'
2022-10-25 23:07:41,796 — b':flashnickgg!flashnickgg@flashnickgg.tmi.twitch.tv PRIVMSG #shroud :shroudLove\r\n'
2022-10-25 23:07:44,399 — b':audaciik!audaciik@audaciik.tmi.twitch.tv PRIVMSG #shroud :I like watching levels\r\n'
2022-10-25 23:07:54,358 — b':tyso__!tyso__@tyso__.tmi.twitch.tv PRIVMSG #shroud :!addonlinks\r\n'
2022-10-25 23:07:54,594 — b':streamelements!streamelements@streamelements.tmi.twitch.tv PRIVMSG #shroud :@Tyso__, ElvUI: http://bit.ly/elvUI | Dominos: http://bit.ly/WoWDominos | Atlas: http://bit.ly/AtlasClassic | Bagnon: http://bit.ly/Bagnon | Details! Damage Meter: http://bit.ly/DetailsDMC | Lorti UI: http://bit.ly/LortiUI | Weak Auras: http://bit.ly/WeakAurasC | Prototype Font: http://bit.ly/PrototypeC | TSM (TradeSkillMaster): http://bit.ly/TSMAddon | SexyMap: http://bit.ly/WoWsexymap\r\n'
2022-10-25 23:07:58,811 — b':hoolaa!hoolaa@hoolaa.tmi.twitch.tv PRIVMSG #shroud :it toke me 1 week to level from 70 to 80\r\n'
2022-10-25 23:08:32,271 — b':tyso__!tyso__@tyso__.tmi.twitch.tv PRIVMSG #shroud :!classicaddons\r\n'
2022-10-25 23:08:32,500 — b':streamelements!streamelements@streamelements.tmi.twitch.tv PRIVMSG #shroud :@Tyso__, shroud uses SexyMap, Atlas, Bagnon, Details! Damage Meter, Dominos, LortiUI, Weak Auras, and TSM (TradeskillMaster). Font used: Prototype. Full list here: https://clips.twitch.tv/AuspiciousHedonisticBaconCharlieBitMe-lo617BXkDq7AIQCD - Updated 6/9/21\r\n'
2022-10-25 23:13:43,468 — b':pedroparka!pedroparka@pedroparka.tmi.twitch.tv PRIVMSG #shroud :!part\r\n'
2022-10-25 23:13:50,426 — b':pedroparka!pedroparka@pedroparka.tmi.twitch.tv PRIVMSG #shroud :?part\r\n'
2022-10-25 23:13:52,014 — b':theragingunicorn!theragingunicorn@theragingunicorn.tmi.twitch.tv PRIVMSG #shroud :dude holy shit can you stop\r\n'
2022-10-25 23:16:13,146 — b':brodof!brodof@brodof.tmi.twitch.tv PRIVMSG #shroud :?\r\n'
2022-10-25 23:16:47,712 — b':jerseybricklayer!jerseybricklayer@jerseybricklayer.tmi.twitch.tv PRIVMSG #shroud :shroudLurk\r\n'
